[debug] [2022-06-20T14:49:12.077Z] ----------------------------------------------------------------------
[debug] [2022-06-20T14:49:12.079Z] Command:       C:\Program Files\nodejs\node.exe C:\Users\Md. Sabbir Khan\AppData\Roaming\npm\node_modules\firebase-tools\lib\bin\firebase.js init
[debug] [2022-06-20T14:49:12.079Z] CLI Version:   11.1.0
[debug] [2022-06-20T14:49:12.080Z] Platform:      win32
[debug] [2022-06-20T14:49:12.080Z] Node Version:  v16.14.0
[debug] [2022-06-20T14:49:12.081Z] Time:          Mon Jun 20 2022 22:49:12 GMT+0800 (China Standard Time)
[debug] [2022-06-20T14:49:12.081Z] ----------------------------------------------------------------------
[debug] 
[debug] [2022-06-20T14:49:12.147Z] > command requires scopes: ["email","openid","https://www.googleapis.com/auth/cloudplatformprojects.readonly","https://www.googleapis.com/auth/firebase","https://www.googleapis.com/auth/cloud-platform"]
[debug] [2022-06-20T14:49:12.148Z] > authorizing via signed-in user (mdsabbirkhan1972@gmail.com)
[info] 
     ######## #### ########  ######## ########     ###     ######  ########
     ##        ##  ##     ## ##       ##     ##  ##   ##  ##       ##
     ######    ##  ########  ######   ########  #########  ######  ######
     ##        ##  ##    ##  ##       ##     ## ##     ##       ## ##
     ##       #### ##     ## ######## ########  ##     ##  ######  ########

You're about to initialize a Firebase project in this directory:

  F:\Web development\Projects\React-Learning

Before we get started, keep in mind:

  * You are initializing within an existing Firebase project directory

[info] 
=== Project Setup
[info] 
[info] First, let's associate this project directory with a Firebase project.
[info] You can create multiple project aliases by running firebase use --add, 
[info] but for now we'll just set up a default project.
[info] 
[debug] [2022-06-20T14:49:45.661Z] Using project from CLI flag: genious-car-services-28ea5
[debug] [2022-06-20T14:49:45.674Z] >>> [apiv2][query] GET https://firebase.googleapis.com/v1beta1/projects/genious-car-services-28ea5 [none]
[debug] [2022-06-20T14:49:46.380Z] <<< [apiv2][status] GET https://firebase.googleapis.com/v1beta1/projects/genious-car-services-28ea5 200
[debug] [2022-06-20T14:49:46.381Z] <<< [apiv2][body] GET https://firebase.googleapis.com/v1beta1/projects/genious-car-services-28ea5 {"projectId":"genious-car-services-28ea5","projectNumber":"1046776207957","displayName":"genious car services","name":"projects/genious-car-services-28ea5","resources":{"hostingSite":"genious-car-services-28ea5"},"state":"ACTIVE"}
[info] i  Using project genious-car-services-28ea5 (genious car services) 
[info] 
=== Hosting Setup
[info] 
[info] Your public directory is the folder (relative to your project directory) that
[info] will contain Hosting assets to be uploaded with firebase deploy. If you
[info] have a build process for your assets, use your build's output directory.
[info] 
